2023-02-06 11:02:536 INFO  HomePage :57 - clicking on login link : [[ChromeDriver: chrome on WINDOWS (b4379cb4680e65c3bb97aa873ed1f64a)] -> link text: Log in]
2023-02-06 11:02:578 INFO  HomePage :38 - getting text from : [[ChromeDriver: chrome on WINDOWS (b4379cb4680e65c3bb97aa873ed1f64a)] -> xpath: //h1[contains(text(),'Welcome, Please Sign In!')]]
2023-02-06 11:02:742 INFO  HomePage :57 - clicking on login link : [[ChromeDriver: chrome on WINDOWS (3cb998ad84c5b06f4145863bf055547c)] -> link text: Log in]
2023-02-06 11:02:784 INFO  HomePage :38 - getting text from : [[ChromeDriver: chrome on WINDOWS (3cb998ad84c5b06f4145863bf055547c)] -> xpath: //h1[contains(text(),'Welcome, Please Sign In!')]]
2023-02-06 11:02:237 INFO  HomePage :57 - clicking on login link : [[ChromeDriver: chrome on WINDOWS (ff9c5cec2efe47c273b4fbdd8db34d71)] -> link text: Log in]
2023-02-06 11:02:291 INFO  HomePage :38 - getting text from : [[ChromeDriver: chrome on WINDOWS (ff9c5cec2efe47c273b4fbdd8db34d71)] -> xpath: //h1[contains(text(),'Welcome, Please Sign In!')]]
2023-02-06 11:02:410 INFO  HomePage :57 - clicking on login link : [[ChromeDriver: chrome on WINDOWS (604849711d96bcdabeb8acbc28fba959)] -> link text: Log in]
2023-02-06 11:02:900 INFO  HomePage :57 - clicking on login link : [[ChromeDriver: chrome on WINDOWS (1649b8d09bade4c92a65e92029aaeaac)] -> link text: Log in]
2023-02-06 11:02:627 INFO  HomePage :57 - clicking on login link : [[ChromeDriver: chrome on WINDOWS (5e00f63c22da345cfea8344b47ca9ea3)] -> link text: Log in]
2023-02-06 11:02:408 INFO  HomePage :57 - clicking on login link : [[ChromeDriver: chrome on WINDOWS (912c8ffe8f0ec5abeb2338d892ac5541)] -> link text: Log in]
2023-02-06 12:02:344 INFO  HomePage :45 - click on computers tab[[ChromeDriver: chrome on WINDOWS (45e65d9a40946da8d06248573a16f2fc)] -> xpath: //ul[@class='top-menu notmobile']/li//a[@href='/computers']]
2023-02-06 12:02:708 INFO  HomePage :45 - click on computers tab[[ChromeDriver: chrome on WINDOWS (79ca4e521d5dfee107f030533850e128)] -> xpath: //ul[@class='top-menu notmobile']/li//a[@href='/computers']]
2023-02-06 12:02:243 INFO  HomePage :33 - click on DesktopsLink : Proxy element for: DefaultElementLocator 'By.xpath: //div[@class='page-body']/div[1]/div[1]/div[1]/div[1]/h2/a'
2023-02-06 12:02:324 INFO  HomePage :45 - click on computers tab[[ChromeDriver: chrome on WINDOWS (5e4a4ae7c491c3ad7834ef8f92b64478)] -> xpath: //ul[@class='top-menu notmobile']/li//a[@href='/computers']]
2023-02-06 12:02:749 INFO  HomePage :33 - click on DesktopsLink : Proxy element for: DefaultElementLocator 'By.xpath: //div[@class='page-body']/div[1]/div[1]/div[1]/div[1]/h2/a'
2023-02-06 12:02:310 INFO  HomePage :45 - click on computers tab[[ChromeDriver: chrome on WINDOWS (ff6d46603d69b4fa9755b58bc41c04f5)] -> xpath: //ul[@class='top-menu notmobile']/li//a[@href='/computers']]
2023-02-06 12:02:350 INFO  HomePage :33 - click on DesktopsLink : Proxy element for: DefaultElementLocator 'By.xpath: //div[@class='page-body']/div[1]/div[1]/div[1]/div[1]/h2/a'
2023-02-06 12:02:136 INFO  HomePage :45 - click on computers tab[[ChromeDriver: chrome on WINDOWS (c05473dbbe89f9fcffd2054b96910780)] -> xpath: //ul[@class='top-menu notmobile']/li//a[@href='/computers']]
2023-02-06 12:02:167 INFO  HomePage :33 - click on DesktopsLink : Proxy element for: DefaultElementLocator 'By.xpath: //div[@class='page-body']/div[1]/div[1]/div[1]/div[1]/h2/a'
2023-02-06 12:02:287 INFO  HomePage :40 - click on Build Your Own Computer :Proxy element for: DefaultElementLocator 'By.xpath: //div[@class='product-item']/div//a[contains(text(),'Build your own computer')]'
2023-02-06 12:02:412 INFO  HomePage :47 - select option from dropdown :[[ChromeDriver: chrome on WINDOWS (c05473dbbe89f9fcffd2054b96910780)] -> xpath: //select[@id='product_attribute_1']]
2023-02-06 12:02:427 INFO  HomePage :50 - select on third option[[ChromeDriver: chrome on WINDOWS (c05473dbbe89f9fcffd2054b96910780)] -> xpath: //select[@id='product_attribute_2']]
2023-02-06 12:02:586 INFO  HomePage :56 - click on radio button from hdd[[ChromeDriver: chrome on WINDOWS (c05473dbbe89f9fcffd2054b96910780)] -> xpath: //input[@id='product_attribute_3_6']]
2023-02-06 12:02:648 INFO  HomePage :60 - click on os button[[ChromeDriver: chrome on WINDOWS (c05473dbbe89f9fcffd2054b96910780)] -> xpath: //input[@id='product_attribute_4_8']]
2023-02-06 12:02:571 INFO  HomePage :45 - click on computers tab[[ChromeDriver: chrome on WINDOWS (87ed27a9ae5af74b8b23f6f4268674c9)] -> xpath: //ul[@class='top-menu notmobile']/li//a[@href='/computers']]
2023-02-06 12:02:953 INFO  HomePage :33 - click on DesktopsLink : Proxy element for: DefaultElementLocator 'By.xpath: //div[@class='page-body']/div[1]/div[1]/div[1]/div[1]/h2/a'
2023-02-06 12:02:587 INFO  HomePage :45 - click on computers tab[[ChromeDriver: chrome on WINDOWS (a0ca99eca281fb203cb04ea2dbd95896)] -> xpath: //ul[@class='top-menu notmobile']/li//a[@href='/computers']]
2023-02-06 12:02:433 INFO  HomePage :33 - click on DesktopsLink : Proxy element for: DefaultElementLocator 'By.xpath: //div[@class='page-body']/div[1]/div[1]/div[1]/div[1]/h2/a'
2023-02-06 12:02:435 INFO  HomePage :40 - click on Build Your Own Computer :Proxy element for: DefaultElementLocator 'By.linkText: Build your own computer'
2023-02-06 12:02:533 INFO  HomePage :47 - select option from dropdown :[[ChromeDriver: chrome on WINDOWS (a0ca99eca281fb203cb04ea2dbd95896)] -> xpath: //select[@id='product_attribute_1']]
2023-02-06 12:02:547 INFO  HomePage :50 - select on third option[[ChromeDriver: chrome on WINDOWS (a0ca99eca281fb203cb04ea2dbd95896)] -> xpath: //select[@id='product_attribute_2']]
2023-02-06 12:02:709 INFO  HomePage :56 - click on radio button from hdd[[ChromeDriver: chrome on WINDOWS (a0ca99eca281fb203cb04ea2dbd95896)] -> xpath: //input[@id='product_attribute_3_6']]
2023-02-06 12:02:775 INFO  HomePage :60 - click on os button[[ChromeDriver: chrome on WINDOWS (a0ca99eca281fb203cb04ea2dbd95896)] -> xpath: //input[@id='product_attribute_4_8']]
2023-02-06 12:02:575 INFO  HomePage :45 - click on computers tab[[ChromeDriver: chrome on WINDOWS (2ee2c85d68cb699376ca1881528a565a)] -> xpath: //ul[@class='top-menu notmobile']/li//a[@href='/computers']]
2023-02-06 12:02:843 INFO  HomePage :33 - click on DesktopsLink : Proxy element for: DefaultElementLocator 'By.xpath: //div[@class='page-body']/div[1]/div[1]/div[1]/div[1]/h2/a'
2023-02-06 12:02:36 INFO  HomePage :40 - click on Build Your Own Computer :Proxy element for: DefaultElementLocator 'By.linkText: Build your own computer'
2023-02-06 12:02:143 INFO  HomePage :47 - select option from dropdown :[[ChromeDriver: chrome on WINDOWS (2ee2c85d68cb699376ca1881528a565a)] -> xpath: //select[@id='product_attribute_1']]
2023-02-06 12:02:158 INFO  HomePage :50 - select on third option[[ChromeDriver: chrome on WINDOWS (2ee2c85d68cb699376ca1881528a565a)] -> xpath: //select[@id='product_attribute_2']]
2023-02-06 12:02:303 INFO  HomePage :56 - click on radio button from hdd[[ChromeDriver: chrome on WINDOWS (2ee2c85d68cb699376ca1881528a565a)] -> xpath: //input[@id='product_attribute_3_6']]
2023-02-06 12:02:367 INFO  HomePage :60 - click on os button[[ChromeDriver: chrome on WINDOWS (2ee2c85d68cb699376ca1881528a565a)] -> xpath: //input[@id='product_attribute_4_8']]
2023-02-06 13:02:667 INFO  HomePage :45 - click on computers tab[[ChromeDriver: chrome on WINDOWS (67b59aa97b15650966bab877aab359ed)] -> xpath: //ul[@class='top-menu notmobile']/li//a[@href='/computers']]
2023-02-06 13:02:923 INFO  HomePage :33 - click on DesktopsLink : Proxy element for: DefaultElementLocator 'By.xpath: //div[@class='page-body']/div[1]/div[1]/div[1]/div[1]/h2/a'
2023-02-06 13:02:694 INFO  HomePage :40 - click on Build Your Own Computer :Proxy element for: DefaultElementLocator 'By.linkText: Build your own computer'
2023-02-06 13:02:797 INFO  HomePage :47 - select option from dropdown :[[ChromeDriver: chrome on WINDOWS (67b59aa97b15650966bab877aab359ed)] -> xpath: //select[@id='product_attribute_1']]
2023-02-06 13:02:807 INFO  HomePage :50 - select on third option[[ChromeDriver: chrome on WINDOWS (67b59aa97b15650966bab877aab359ed)] -> xpath: //select[@id='product_attribute_2']]
2023-02-06 13:02:939 INFO  HomePage :56 - click on radio button from hdd[[ChromeDriver: chrome on WINDOWS (67b59aa97b15650966bab877aab359ed)] -> xpath: //input[@id='product_attribute_3_6']]
2023-02-06 13:02:04 INFO  HomePage :60 - click on os button[[ChromeDriver: chrome on WINDOWS (67b59aa97b15650966bab877aab359ed)] -> xpath: //input[@id='product_attribute_4_8']]
2023-02-06 13:02:530 INFO  HomePage :45 - click on computers tab[[ChromeDriver: chrome on WINDOWS (aef83fc8eae9db2911a9e3b81e6bc321)] -> xpath: //ul[@class='top-menu notmobile']/li//a[@href='/computers']]
2023-02-06 13:02:954 INFO  HomePage :33 - click on DesktopsLink : Proxy element for: DefaultElementLocator 'By.xpath: //div[@class='page-body']/div[1]/div[1]/div[1]/div[1]/h2/a'
2023-02-06 13:02:773 INFO  HomePage :40 - click on Build Your Own Computer :Proxy element for: DefaultElementLocator 'By.linkText: Build your own computer'
2023-02-06 13:02:899 INFO  HomePage :47 - select option from dropdown :[[ChromeDriver: chrome on WINDOWS (aef83fc8eae9db2911a9e3b81e6bc321)] -> xpath: //select[@id='product_attribute_1']]
2023-02-06 13:02:914 INFO  HomePage :50 - select on third option[[ChromeDriver: chrome on WINDOWS (aef83fc8eae9db2911a9e3b81e6bc321)] -> xpath: //select[@id='product_attribute_2']]
2023-02-06 13:02:76 INFO  HomePage :56 - click on radio button from hdd[[ChromeDriver: chrome on WINDOWS (aef83fc8eae9db2911a9e3b81e6bc321)] -> xpath: //input[@id='product_attribute_3_6']]
2023-02-06 13:02:337 INFO  HomePage :45 - click on computers tab[[ChromeDriver: chrome on WINDOWS (9dcfa7079f71478fcfb9fb3c4d7afe04)] -> xpath: //ul[@class='top-menu notmobile']/li//a[@href='/computers']]
2023-02-06 13:02:718 INFO  HomePage :33 - click on DesktopsLink : Proxy element for: DefaultElementLocator 'By.xpath: //div[@class='page-body']/div[1]/div[1]/div[1]/div[1]/h2/a'
2023-02-06 13:02:454 INFO  HomePage :40 - click on Build Your Own Computer :Proxy element for: DefaultElementLocator 'By.linkText: Build your own computer'
2023-02-06 13:02:577 INFO  HomePage :47 - select option from dropdown :[[ChromeDriver: chrome on WINDOWS (9dcfa7079f71478fcfb9fb3c4d7afe04)] -> xpath: //select[@id='product_attribute_1']]
2023-02-06 13:02:591 INFO  HomePage :50 - select on third option[[ChromeDriver: chrome on WINDOWS (9dcfa7079f71478fcfb9fb3c4d7afe04)] -> xpath: //select[@id='product_attribute_2']]
2023-02-06 13:02:723 INFO  HomePage :56 - click on radio button from hdd[[ChromeDriver: chrome on WINDOWS (9dcfa7079f71478fcfb9fb3c4d7afe04)] -> xpath: //input[@id='product_attribute_3_6']]
2023-02-06 13:02:784 INFO  HomePage :60 - click on os button[[ChromeDriver: chrome on WINDOWS (9dcfa7079f71478fcfb9fb3c4d7afe04)] -> id: product_attribute_4_8]
2023-02-06 13:02:156 INFO  HomePage :45 - click on computers tab[[ChromeDriver: chrome on WINDOWS (442cb4718cf84ec5f2298dfe7c01dc9e)] -> xpath: //ul[@class='top-menu notmobile']/li//a[@href='/computers']]
2023-02-06 13:02:648 INFO  HomePage :33 - click on DesktopsLink : Proxy element for: DefaultElementLocator 'By.xpath: //div[@class='page-body']/div[1]/div[1]/div[1]/div[1]/h2/a'
2023-02-06 13:02:493 INFO  HomePage :40 - click on Build Your Own Computer :Proxy element for: DefaultElementLocator 'By.linkText: Build your own computer'
2023-02-06 13:02:620 INFO  HomePage :47 - select option from dropdown :[[ChromeDriver: chrome on WINDOWS (442cb4718cf84ec5f2298dfe7c01dc9e)] -> xpath: //select[@id='product_attribute_1']]
2023-02-06 13:02:632 INFO  HomePage :50 - select on third option[[ChromeDriver: chrome on WINDOWS (442cb4718cf84ec5f2298dfe7c01dc9e)] -> xpath: //select[@id='product_attribute_2']]
2023-02-06 13:02:773 INFO  HomePage :56 - click on radio button from hdd[[ChromeDriver: chrome on WINDOWS (442cb4718cf84ec5f2298dfe7c01dc9e)] -> xpath: //input[@id='product_attribute_3_6']]
2023-02-06 13:02:838 INFO  HomePage :60 - click on os button[[ChromeDriver: chrome on WINDOWS (442cb4718cf84ec5f2298dfe7c01dc9e)] -> id: product_attribute_4_8]
2023-02-06 13:02:688 INFO  HomePage :45 - click on computers tab[[ChromeDriver: chrome on WINDOWS (d8b10d6210b28d29fad2b06cc536ad70)] -> xpath: //ul[@class='top-menu notmobile']/li//a[@href='/computers']]
2023-02-06 13:02:152 INFO  HomePage :33 - click on DesktopsLink : Proxy element for: DefaultElementLocator 'By.xpath: //div[@class='page-body']/div[1]/div[1]/div[1]/div[1]/h2/a'
2023-02-06 13:02:899 INFO  HomePage :40 - click on Build Your Own Computer :Proxy element for: DefaultElementLocator 'By.linkText: Build your own computer'
2023-02-06 13:02:31 INFO  HomePage :47 - select option from dropdown :[[ChromeDriver: chrome on WINDOWS (d8b10d6210b28d29fad2b06cc536ad70)] -> xpath: //select[@id='product_attribute_1']]
2023-02-06 13:02:55 INFO  HomePage :50 - select on third option[[ChromeDriver: chrome on WINDOWS (d8b10d6210b28d29fad2b06cc536ad70)] -> xpath: //select[@id='product_attribute_2']]
2023-02-06 13:02:197 INFO  HomePage :56 - click on radio button from hdd[[ChromeDriver: chrome on WINDOWS (d8b10d6210b28d29fad2b06cc536ad70)] -> xpath: //input[@id='product_attribute_3_6']]
2023-02-06 13:02:252 INFO  HomePage :60 - click on os button[[ChromeDriver: chrome on WINDOWS (d8b10d6210b28d29fad2b06cc536ad70)] -> id: product_attribute_4_8]
2023-02-06 13:02:260 INFO  HomePage :63 - click on check boxes[[ChromeDriver: chrome on WINDOWS (d8b10d6210b28d29fad2b06cc536ad70)] -> id: product_attribute_5_10]
2023-02-06 13:02:424 INFO  HomePage :45 - click on computers tab[[ChromeDriver: chrome on WINDOWS (35a33db306623001c41ff138f79f743b)] -> xpath: //ul[@class='top-menu notmobile']/li//a[@href='/computers']]
2023-02-06 13:02:49 INFO  HomePage :33 - click on DesktopsLink : Proxy element for: DefaultElementLocator 'By.xpath: //div[@class='page-body']/div[1]/div[1]/div[1]/div[1]/h2/a'
2023-02-06 13:02:930 INFO  HomePage :40 - click on Build Your Own Computer :Proxy element for: DefaultElementLocator 'By.linkText: Build your own computer'
2023-02-06 13:02:55 INFO  HomePage :47 - select option from dropdown :[[ChromeDriver: chrome on WINDOWS (35a33db306623001c41ff138f79f743b)] -> xpath: //select[@id='product_attribute_1']]
2023-02-06 13:02:63 INFO  HomePage :50 - select on third option[[ChromeDriver: chrome on WINDOWS (35a33db306623001c41ff138f79f743b)] -> xpath: //select[@id='product_attribute_2']]
2023-02-06 13:02:217 INFO  HomePage :56 - click on radio button from hdd[[ChromeDriver: chrome on WINDOWS (35a33db306623001c41ff138f79f743b)] -> xpath: //input[@id='product_attribute_3_6']]
2023-02-06 13:02:282 INFO  HomePage :60 - click on os button[[ChromeDriver: chrome on WINDOWS (35a33db306623001c41ff138f79f743b)] -> id: product_attribute_4_8]
2023-02-06 13:02:289 INFO  HomePage :63 - click on check boxes[[ChromeDriver: chrome on WINDOWS (35a33db306623001c41ff138f79f743b)] -> id: product_attribute_5_10]
2023-02-06 13:02:722 INFO  HomePage :45 - click on computers tab[[ChromeDriver: chrome on WINDOWS (144ced728af1175ee0dc3cf7babb4bb8)] -> xpath: //ul[@class='top-menu notmobile']/li//a[@href='/computers']]
2023-02-06 13:02:151 INFO  HomePage :33 - click on DesktopsLink : Proxy element for: DefaultElementLocator 'By.xpath: //div[@class='page-body']/div[1]/div[1]/div[1]/div[1]/h2/a'
2023-02-06 13:02:02 INFO  HomePage :40 - click on Build Your Own Computer :Proxy element for: DefaultElementLocator 'By.linkText: Build your own computer'
2023-02-06 13:02:129 INFO  HomePage :47 - select option from dropdown :[[ChromeDriver: chrome on WINDOWS (144ced728af1175ee0dc3cf7babb4bb8)] -> xpath: //select[@id='product_attribute_1']]
2023-02-06 13:02:144 INFO  HomePage :50 - select on third option[[ChromeDriver: chrome on WINDOWS (144ced728af1175ee0dc3cf7babb4bb8)] -> xpath: //select[@id='product_attribute_2']]
2023-02-06 13:02:304 INFO  HomePage :56 - click on radio button from hdd[[ChromeDriver: chrome on WINDOWS (144ced728af1175ee0dc3cf7babb4bb8)] -> xpath: //input[@id='product_attribute_3_6']]
2023-02-06 13:02:378 INFO  HomePage :60 - click on os button[[ChromeDriver: chrome on WINDOWS (144ced728af1175ee0dc3cf7babb4bb8)] -> id: product_attribute_4_8]
2023-02-06 13:02:392 INFO  HomePage :63 - click on check boxes[[ChromeDriver: chrome on WINDOWS (144ced728af1175ee0dc3cf7babb4bb8)] -> id: product_attribute_5_10]
2023-02-06 13:02:824 INFO  HomePage :45 - click on computers tab[[ChromeDriver: chrome on WINDOWS (b0ba7b2dd606a9236def247616463bb5)] -> xpath: //ul[@class='top-menu notmobile']/li//a[@href='/computers']]
2023-02-06 13:02:233 INFO  HomePage :33 - click on DesktopsLink : Proxy element for: DefaultElementLocator 'By.xpath: //div[@class='page-body']/div[1]/div[1]/div[1]/div[1]/h2/a'
2023-02-06 13:02:982 INFO  HomePage :40 - click on Build Your Own Computer :Proxy element for: DefaultElementLocator 'By.linkText: Build your own computer'
2023-02-06 13:02:101 INFO  HomePage :47 - select option from dropdown :[[ChromeDriver: chrome on WINDOWS (b0ba7b2dd606a9236def247616463bb5)] -> xpath: //select[@id='product_attribute_1']]
2023-02-06 13:02:114 INFO  HomePage :50 - select on third option[[ChromeDriver: chrome on WINDOWS (b0ba7b2dd606a9236def247616463bb5)] -> xpath: //select[@id='product_attribute_2']]
2023-02-06 13:02:233 INFO  HomePage :56 - click on radio button from hdd[[ChromeDriver: chrome on WINDOWS (b0ba7b2dd606a9236def247616463bb5)] -> xpath: //input[@id='product_attribute_3_6']]
2023-02-06 13:02:283 INFO  HomePage :60 - click on os button[[ChromeDriver: chrome on WINDOWS (b0ba7b2dd606a9236def247616463bb5)] -> id: product_attribute_4_8]
2023-02-06 13:02:293 INFO  HomePage :63 - click on check boxes[[ChromeDriver: chrome on WINDOWS (b0ba7b2dd606a9236def247616463bb5)] -> id: product_attribute_5_10]
2023-02-06 13:02:899 INFO  HomePage :45 - click on computers tab[[ChromeDriver: chrome on WINDOWS (e9be386b9fde84e1258bb53dec65f884)] -> xpath: //ul[@class='top-menu notmobile']/li//a[@href='/computers']]
2023-02-06 13:02:901 INFO  HomePage :33 - click on DesktopsLink : Proxy element for: DefaultElementLocator 'By.xpath: //div[@class='page-body']/div[1]/div[1]/div[1]/div[1]/h2/a'
2023-02-06 13:02:651 INFO  HomePage :40 - click on Build Your Own Computer :Proxy element for: DefaultElementLocator 'By.linkText: Build your own computer'
2023-02-06 13:02:776 INFO  HomePage :47 - select option from dropdown :[[ChromeDriver: chrome on WINDOWS (e9be386b9fde84e1258bb53dec65f884)] -> xpath: //select[@id='product_attribute_1']]
2023-02-06 13:02:789 INFO  HomePage :50 - select on third option[[ChromeDriver: chrome on WINDOWS (e9be386b9fde84e1258bb53dec65f884)] -> xpath: //select[@id='product_attribute_2']]
2023-02-06 13:02:958 INFO  HomePage :56 - click on radio button from hdd[[ChromeDriver: chrome on WINDOWS (e9be386b9fde84e1258bb53dec65f884)] -> xpath: //input[@id='product_attribute_3_6']]
2023-02-06 13:02:33 INFO  HomePage :60 - click on os button[[ChromeDriver: chrome on WINDOWS (e9be386b9fde84e1258bb53dec65f884)] -> id: product_attribute_4_8]
2023-02-06 13:02:48 INFO  HomePage :63 - click on check boxes[[ChromeDriver: chrome on WINDOWS (e9be386b9fde84e1258bb53dec65f884)] -> id: product_attribute_5_10]
2023-02-06 13:02:120 INFO  HomePage :67 - click on add to cart button[[ChromeDriver: chrome on WINDOWS (e9be386b9fde84e1258bb53dec65f884)] -> xpath: //button[@id='add-to-cart-button-1']]
2023-02-06 14:02:915 INFO  HomePage :62 - click on register link :[[ChromeDriver: chrome on WINDOWS (f17abaa649d66904b71052bf944d2770)] -> link text: Register]
2023-02-06 14:02:490 INFO  HomePage :62 - click on register link :[[ChromeDriver: chrome on WINDOWS (db5e620719643adff71a16ddac3f4bb5)] -> link text: Register]
2023-02-06 14:02:505 INFO  HomePage :102 - click on register button[[ChromeDriver: chrome on WINDOWS (db5e620719643adff71a16ddac3f4bb5)] -> id: register-button]
2023-02-06 15:02:942 INFO  HomePage :62 - click on register link :[[ChromeDriver: chrome on WINDOWS (6e4202535ed45d15767f8e6763bc038f)] -> link text: Register]
2023-02-06 15:02:962 INFO  HomePage :59 - click on female radio button[[ChromeDriver: chrome on WINDOWS (6e4202535ed45d15767f8e6763bc038f)] -> xpath: //div[@class='gender']//input[@id='gender-male']]
2023-02-06 15:02:993 INFO  HomePage :64 - enter first name [[ChromeDriver: chrome on WINDOWS (6e4202535ed45d15767f8e6763bc038f)] -> id: FirstName]
2023-02-06 15:02:36 INFO  HomePage :70 - enter first name [[ChromeDriver: chrome on WINDOWS (6e4202535ed45d15767f8e6763bc038f)] -> name: LastName]
2023-02-06 15:02:89 INFO  HomePage :77 - click on date of birthday[[ChromeDriver: chrome on WINDOWS (6e4202535ed45d15767f8e6763bc038f)] -> name: DateOfBirthDay]
2023-02-06 15:02:127 INFO  HomePage :81 - click on date of birt month[[ChromeDriver: chrome on WINDOWS (6e4202535ed45d15767f8e6763bc038f)] -> name: DateOfBirthMonth]
2023-02-06 15:02:166 INFO  HomePage :85 - click on date of birth year[[ChromeDriver: chrome on WINDOWS (6e4202535ed45d15767f8e6763bc038f)] -> name: DateOfBirthYear]
2023-02-06 15:02:204 INFO  HomePage :89 - enter email id [[ChromeDriver: chrome on WINDOWS (6e4202535ed45d15767f8e6763bc038f)] -> id: Email]
2023-02-06 15:02:311 INFO  HomePage :98 - enter password [[ChromeDriver: chrome on WINDOWS (6e4202535ed45d15767f8e6763bc038f)] -> id: ConfirmPassword]
2023-02-06 15:02:354 INFO  HomePage :102 - click on register button[[ChromeDriver: chrome on WINDOWS (6e4202535ed45d15767f8e6763bc038f)] -> id: register-button]
2023-02-06 15:02:734 INFO  HomePage :62 - click on register link :[[ChromeDriver: chrome on WINDOWS (935807fbaa3615b6d4030401b9260a2f)] -> link text: Register]
2023-02-06 15:02:753 INFO  HomePage :59 - click on female radio button[[ChromeDriver: chrome on WINDOWS (935807fbaa3615b6d4030401b9260a2f)] -> xpath: //div[@class='gender']//input[@id='gender-male']]
2023-02-06 15:02:799 INFO  HomePage :64 - enter first name [[ChromeDriver: chrome on WINDOWS (935807fbaa3615b6d4030401b9260a2f)] -> id: FirstName]
2023-02-06 15:02:854 INFO  HomePage :70 - enter first name [[ChromeDriver: chrome on WINDOWS (935807fbaa3615b6d4030401b9260a2f)] -> name: LastName]
2023-02-06 15:02:906 INFO  HomePage :77 - click on date of birthday[[ChromeDriver: chrome on WINDOWS (935807fbaa3615b6d4030401b9260a2f)] -> name: DateOfBirthDay]
2023-02-06 15:02:942 INFO  HomePage :81 - click on date of birt month[[ChromeDriver: chrome on WINDOWS (935807fbaa3615b6d4030401b9260a2f)] -> name: DateOfBirthMonth]
2023-02-06 15:02:984 INFO  HomePage :85 - click on date of birth year[[ChromeDriver: chrome on WINDOWS (935807fbaa3615b6d4030401b9260a2f)] -> name: DateOfBirthYear]
2023-02-06 15:02:23 INFO  HomePage :89 - enter email id [[ChromeDriver: chrome on WINDOWS (935807fbaa3615b6d4030401b9260a2f)] -> id: Email]
2023-02-06 15:02:117 INFO  HomePage :98 - enter password [[ChromeDriver: chrome on WINDOWS (935807fbaa3615b6d4030401b9260a2f)] -> id: ConfirmPassword]
2023-02-06 15:02:166 INFO  HomePage :102 - click on register button[[ChromeDriver: chrome on WINDOWS (935807fbaa3615b6d4030401b9260a2f)] -> id: register-button]
2023-02-06 15:02:695 INFO  HomePage :62 - click on register link :[[ChromeDriver: chrome on WINDOWS (7002018d91b53b2a0154ebbb2c12c690)] -> link text: Register]
2023-02-06 15:02:715 INFO  HomePage :59 - click on female radio button[[ChromeDriver: chrome on WINDOWS (7002018d91b53b2a0154ebbb2c12c690)] -> xpath: //div[@class='gender']//input[@id='gender-male']]
2023-02-06 15:02:751 INFO  HomePage :64 - enter first name [[ChromeDriver: chrome on WINDOWS (7002018d91b53b2a0154ebbb2c12c690)] -> id: FirstName]
2023-02-06 15:02:789 INFO  HomePage :70 - enter first name [[ChromeDriver: chrome on WINDOWS (7002018d91b53b2a0154ebbb2c12c690)] -> name: LastName]
2023-02-06 15:02:833 INFO  HomePage :77 - click on date of birthday[[ChromeDriver: chrome on WINDOWS (7002018d91b53b2a0154ebbb2c12c690)] -> name: DateOfBirthDay]
2023-02-06 15:02:866 INFO  HomePage :81 - click on date of birt month[[ChromeDriver: chrome on WINDOWS (7002018d91b53b2a0154ebbb2c12c690)] -> name: DateOfBirthMonth]
2023-02-06 15:02:903 INFO  HomePage :85 - click on date of birth year[[ChromeDriver: chrome on WINDOWS (7002018d91b53b2a0154ebbb2c12c690)] -> name: DateOfBirthYear]
2023-02-06 15:02:944 INFO  HomePage :89 - enter email id [[ChromeDriver: chrome on WINDOWS (7002018d91b53b2a0154ebbb2c12c690)] -> id: Email]
2023-02-06 15:02:36 INFO  HomePage :98 - enter password [[ChromeDriver: chrome on WINDOWS (7002018d91b53b2a0154ebbb2c12c690)] -> id: ConfirmPassword]
2023-02-06 15:02:90 INFO  HomePage :102 - click on register button[[ChromeDriver: chrome on WINDOWS (7002018d91b53b2a0154ebbb2c12c690)] -> id: register-button]
2023-02-06 15:02:01 INFO  HomePage :62 - click on register link :[[ChromeDriver: chrome on WINDOWS (2abf6cc38cd62cb3c13fd45761061284)] -> link text: Register]
2023-02-06 15:02:20 INFO  HomePage :102 - click on register button[[ChromeDriver: chrome on WINDOWS (2abf6cc38cd62cb3c13fd45761061284)] -> id: register-button]
2023-02-06 16:02:09 INFO  HomePage :62 - click on register link :[[ChromeDriver: chrome on WINDOWS (759229f63fc4424a666955e312b93f24)] -> link text: Register]
2023-02-06 16:02:20 INFO  HomePage :103 - click on register button[[ChromeDriver: chrome on WINDOWS (759229f63fc4424a666955e312b93f24)] -> id: register-button]
2023-02-06 16:02:522 INFO  HomePage :62 - click on register link :[[ChromeDriver: chrome on WINDOWS (803d360c2434539d08275e7257acb094)] -> link text: Register]
2023-02-06 16:02:533 INFO  HomePage :103 - click on register button[[ChromeDriver: chrome on WINDOWS (803d360c2434539d08275e7257acb094)] -> id: register-button]
2023-02-06 16:02:943 INFO  HomePage :62 - click on register link :[[ChromeDriver: chrome on WINDOWS (a46a3f03335d6494b0ba23d3e6fac28c)] -> link text: Register]
2023-02-06 16:02:960 INFO  HomePage :103 - click on register button[[ChromeDriver: chrome on WINDOWS (a46a3f03335d6494b0ba23d3e6fac28c)] -> id: register-button]
2023-02-06 16:02:972 INFO  HomePage :62 - click on register link :[[ChromeDriver: chrome on WINDOWS (716d927398933d36670f0e9fdd61e9a9)] -> link text: Register]
2023-02-06 16:02:989 INFO  HomePage :103 - click on register button[[ChromeDriver: chrome on WINDOWS (716d927398933d36670f0e9fdd61e9a9)] -> id: register-button]
2023-02-06 16:02:266 INFO  HomePage :62 - click on register link :[[ChromeDriver: chrome on WINDOWS (598203cab44f14d78ed2c8bfeb7175ed)] -> link text: Register]
2023-02-06 16:02:281 INFO  HomePage :103 - click on register button[[ChromeDriver: chrome on WINDOWS (598203cab44f14d78ed2c8bfeb7175ed)] -> id: register-button]
2023-02-06 16:02:325 INFO  HomePage :65 - enter first name [[ChromeDriver: chrome on WINDOWS (598203cab44f14d78ed2c8bfeb7175ed)] -> id: FirstName]
2023-02-06 16:02:745 INFO  HomePage :62 - click on register link :[[ChromeDriver: chrome on WINDOWS (6fc2bc8d84dce204327dffd973f84e1e)] -> link text: Register]
2023-02-06 16:02:755 INFO  HomePage :105 - click on register button[[ChromeDriver: chrome on WINDOWS (6fc2bc8d84dce204327dffd973f84e1e)] -> id: register-button]
2023-02-06 16:02:800 INFO  HomePage :67 - enter first name [[ChromeDriver: chrome on WINDOWS (6fc2bc8d84dce204327dffd973f84e1e)] -> id: FirstName]
2023-02-06 20:02:981 INFO  HomePage :57 - clicking on login link : [[ChromeDriver: chrome on WINDOWS (44f4dd72eb59a9b8873046e0aa158770)] -> link text: Log in]
2023-02-06 20:02:11 INFO  HomePage :38 - getting text from : [[ChromeDriver: chrome on WINDOWS (44f4dd72eb59a9b8873046e0aa158770)] -> xpath: //h1[contains(text(),'Welcome, Please Sign In!')]]
2023-02-06 20:02:583 INFO  HomePage :57 - clicking on login link : [[ChromeDriver: chrome on WINDOWS (ee1fa04ffa7deb367db5eb118899f3b3)] -> link text: Log in]
2023-02-06 20:02:44 INFO  HomePage :57 - clicking on login link : [[ChromeDriver: chrome on WINDOWS (178ec8f0a5540e17fb298d3d5209371f)] -> link text: Log in]
2023-02-06 20:02:247 INFO  HomePage :57 - clicking on login link : [[ChromeDriver: chrome on WINDOWS (97a51d1dab5e03dd138fca42b06610be)] -> link text: Log in]
2023-02-06 20:02:814 INFO  HomePage :45 - click on computers tab[[ChromeDriver: chrome on WINDOWS (3602156dfb0375ce52994060e69c0802)] -> xpath: //ul[@class='top-menu notmobile']/li//a[@href='/computers']]
2023-02-06 20:02:288 INFO  HomePage :57 - clicking on login link : [[ChromeDriver: chrome on WINDOWS (63182d1e49f1251bce7285e58b59874d)] -> link text: Log in]
2023-02-06 20:02:761 INFO  HomePage :57 - clicking on login link : [[ChromeDriver: chrome on WINDOWS (042eba0fcc1b8a206f857ea3ed24f95b)] -> link text: Log in]
2023-02-06 20:02:779 INFO  HomePage :38 - getting text from : [[ChromeDriver: chrome on WINDOWS (042eba0fcc1b8a206f857ea3ed24f95b)] -> xpath: //h1[contains(text(),'Welcome, Please Sign In!')]]
2023-02-06 20:02:676 INFO  HomePage :57 - clicking on login link : [[ChromeDriver: chrome on WINDOWS (287efeabc3783e02bdc5242139ed19c7)] -> link text: Log in]
2023-02-06 20:02:531 INFO  HomePage :57 - clicking on login link : [[ChromeDriver: chrome on WINDOWS (603c06d4c6fad849489aa8106c793b2a)] -> link text: Log in]
2023-02-06 20:02:849 INFO  HomePage :57 - clicking on login link : [[ChromeDriver: chrome on WINDOWS (6d3b7c88933ee2f8a7444d74427c5cf2)] -> link text: Log in]
2023-02-06 20:02:380 INFO  HomePage :45 - click on computers tab[[ChromeDriver: chrome on WINDOWS (99f00da71c4163e11272f6e022955f1c)] -> xpath: //ul[@class='top-menu notmobile']/li//a[@href='/computers']]
2023-02-06 20:02:677 INFO  HomePage :33 - click on DesktopsLink : Proxy element for: DefaultElementLocator 'By.xpath: //div[@class='page-body']/div[1]/div[1]/div[1]/div[1]/h2/a'
2023-02-06 20:02:757 INFO  HomePage :40 - click on Build Your Own Computer :Proxy element for: DefaultElementLocator 'By.linkText: Build your own computer'
2023-02-06 20:02:814 INFO  HomePage :47 - select option from dropdown :[[ChromeDriver: chrome on WINDOWS (99f00da71c4163e11272f6e022955f1c)] -> xpath: //select[@id='product_attribute_1']]
2023-02-06 20:02:821 INFO  HomePage :50 - select on third option[[ChromeDriver: chrome on WINDOWS (99f00da71c4163e11272f6e022955f1c)] -> xpath: //select[@id='product_attribute_2']]
2023-02-06 20:02:910 INFO  HomePage :56 - click on radio button from hdd[[ChromeDriver: chrome on WINDOWS (99f00da71c4163e11272f6e022955f1c)] -> xpath: //input[@id='product_attribute_3_6']]
2023-02-06 20:02:946 INFO  HomePage :60 - click on os button[[ChromeDriver: chrome on WINDOWS (99f00da71c4163e11272f6e022955f1c)] -> id: product_attribute_4_8]
2023-02-06 20:02:951 INFO  HomePage :63 - click on check boxes[[ChromeDriver: chrome on WINDOWS (99f00da71c4163e11272f6e022955f1c)] -> id: product_attribute_5_10]
2023-02-06 20:02:999 INFO  HomePage :67 - click on add to cart button[[ChromeDriver: chrome on WINDOWS (99f00da71c4163e11272f6e022955f1c)] -> xpath: //button[@id='add-to-cart-button-1']]
2023-02-06 20:02:699 INFO  HomePage :45 - click on computers tab[[ChromeDriver: chrome on WINDOWS (42517819c36b48439b0ae92448b63ec4)] -> xpath: //ul[@class='top-menu notmobile']/li//a[@href='/computers']]
2023-02-06 20:02:340 INFO  HomePage :45 - click on computers tab[[ChromeDriver: chrome on WINDOWS (0cbf24fb5fef86982043825b9160c176)] -> xpath: //ul[@class='top-menu notmobile']/li//a[@href='/computers']]
2023-02-06 20:02:951 INFO  HomePage :33 - click on DesktopsLink : Proxy element for: DefaultElementLocator 'By.xpath: //div[@class='page-body']/div[1]/div[1]/div[1]/div[1]/h2/a'
2023-02-06 20:02:677 INFO  HomePage :62 - click on register link :[[ChromeDriver: chrome on WINDOWS (012910f08c83d34576d57efe85486f3e)] -> link text: Register]
2023-02-06 20:02:693 INFO  HomePage :105 - click on register button[[ChromeDriver: chrome on WINDOWS (012910f08c83d34576d57efe85486f3e)] -> id: register-button]
2023-02-06 20:02:739 INFO  HomePage :67 - enter first name [[ChromeDriver: chrome on WINDOWS (012910f08c83d34576d57efe85486f3e)] -> id: FirstName]
2023-02-06 20:02:227 INFO  HomePage :62 - click on register link :[[ChromeDriver: chrome on WINDOWS (08715532911cdd21201da9ec65333d7a)] -> link text: Register]
2023-02-06 20:02:246 INFO  HomePage :62 - click on female radio button[[ChromeDriver: chrome on WINDOWS (08715532911cdd21201da9ec65333d7a)] -> xpath: //div[@class='gender']//input[@id='gender-male']]
2023-02-06 20:02:294 INFO  HomePage :67 - enter first name [[ChromeDriver: chrome on WINDOWS (08715532911cdd21201da9ec65333d7a)] -> id: FirstName]
2023-02-06 20:02:342 INFO  HomePage :73 - enter first name [[ChromeDriver: chrome on WINDOWS (08715532911cdd21201da9ec65333d7a)] -> name: LastName]
2023-02-06 20:02:394 INFO  HomePage :80 - click on date of birthday[[ChromeDriver: chrome on WINDOWS (08715532911cdd21201da9ec65333d7a)] -> name: DateOfBirthDay]
2023-02-06 20:02:436 INFO  HomePage :84 - click on date of birt month[[ChromeDriver: chrome on WINDOWS (08715532911cdd21201da9ec65333d7a)] -> name: DateOfBirthMonth]
2023-02-06 20:02:484 INFO  HomePage :88 - click on date of birth year[[ChromeDriver: chrome on WINDOWS (08715532911cdd21201da9ec65333d7a)] -> name: DateOfBirthYear]
2023-02-06 20:02:534 INFO  HomePage :92 - enter email id [[ChromeDriver: chrome on WINDOWS (08715532911cdd21201da9ec65333d7a)] -> id: Email]
2023-02-06 20:02:659 INFO  HomePage :101 - enter password [[ChromeDriver: chrome on WINDOWS (08715532911cdd21201da9ec65333d7a)] -> id: ConfirmPassword]
2023-02-06 20:02:715 INFO  HomePage :105 - click on register button[[ChromeDriver: chrome on WINDOWS (08715532911cdd21201da9ec65333d7a)] -> id: register-button]
2023-02-06 20:02:518 INFO  HomePage :62 - click on register link :[[ChromeDriver: chrome on WINDOWS (93175cc3ea63a7d3d958dd19e82c0d88)] -> link text: Register]
2023-02-06 21:02:813 INFO  HomePage :45 - click on computers tab[[ChromeDriver: chrome on WINDOWS (97b2212674ccfb77f22d751217f3e1c9)] -> xpath: //ul[@class='top-menu notmobile']/li//a[@href='/computers']]
2023-02-06 21:02:502 INFO  HomePage :33 - click on DesktopsLink : Proxy element for: DefaultElementLocator 'By.xpath: //div[@class='page-body']/div[1]/div[1]/div[1]/div[1]/h2/a'
2023-02-06 21:02:337 INFO  HomePage :40 - click on Build Your Own Computer :Proxy element for: DefaultElementLocator 'By.linkText: Build your own computer'
2023-02-06 21:02:413 INFO  HomePage :47 - select option from dropdown :[[ChromeDriver: chrome on WINDOWS (97b2212674ccfb77f22d751217f3e1c9)] -> xpath: //select[@id='product_attribute_1']]
2023-02-06 21:02:426 INFO  HomePage :50 - select on third option[[ChromeDriver: chrome on WINDOWS (97b2212674ccfb77f22d751217f3e1c9)] -> xpath: //select[@id='product_attribute_2']]
2023-02-06 21:02:547 INFO  HomePage :56 - click on radio button from hdd[[ChromeDriver: chrome on WINDOWS (97b2212674ccfb77f22d751217f3e1c9)] -> xpath: //input[@id='product_attribute_3_6']]
2023-02-06 21:02:594 INFO  HomePage :60 - click on os button[[ChromeDriver: chrome on WINDOWS (97b2212674ccfb77f22d751217f3e1c9)] -> id: product_attribute_4_8]
2023-02-06 21:02:607 INFO  HomePage :63 - click on check boxes[[ChromeDriver: chrome on WINDOWS (97b2212674ccfb77f22d751217f3e1c9)] -> id: product_attribute_5_10]
2023-02-06 21:02:667 INFO  HomePage :67 - click on add to cart button[[ChromeDriver: chrome on WINDOWS (97b2212674ccfb77f22d751217f3e1c9)] -> xpath: //button[@id='add-to-cart-button-1']]
2023-02-06 21:02:952 INFO  HomePage :45 - click on computers tab[[ChromeDriver: chrome on WINDOWS (f3c9438b86db8846fd960d32f4673fac)] -> xpath: //ul[@class='top-menu notmobile']/li//a[@href='/computers']]
2023-02-06 21:02:48 INFO  HomePage :33 - click on DesktopsLink : Proxy element for: DefaultElementLocator 'By.xpath: //div[@class='page-body']/div[1]/div[1]/div[1]/div[1]/h2/a'
2023-02-06 21:02:924 INFO  HomePage :40 - click on Build Your Own Computer :Proxy element for: DefaultElementLocator 'By.linkText: Build your own computer'
2023-02-06 21:02:971 INFO  HomePage :47 - select option from dropdown :[[ChromeDriver: chrome on WINDOWS (f3c9438b86db8846fd960d32f4673fac)] -> xpath: //select[@id='product_attribute_1']]
2023-02-06 21:02:977 INFO  HomePage :50 - select on third option[[ChromeDriver: chrome on WINDOWS (f3c9438b86db8846fd960d32f4673fac)] -> xpath: //select[@id='product_attribute_2']]
2023-02-06 21:02:98 INFO  HomePage :56 - click on radio button from hdd[[ChromeDriver: chrome on WINDOWS (f3c9438b86db8846fd960d32f4673fac)] -> xpath: //input[@id='product_attribute_3_6']]
2023-02-06 21:02:144 INFO  HomePage :60 - click on os button[[ChromeDriver: chrome on WINDOWS (f3c9438b86db8846fd960d32f4673fac)] -> id: product_attribute_4_8]
2023-02-06 21:02:160 INFO  HomePage :63 - click on check boxes[[ChromeDriver: chrome on WINDOWS (f3c9438b86db8846fd960d32f4673fac)] -> id: product_attribute_5_10]
2023-02-06 21:02:198 INFO  HomePage :67 - click on add to cart button[[ChromeDriver: chrome on WINDOWS (f3c9438b86db8846fd960d32f4673fac)] -> xpath: //button[@id='add-to-cart-button-1']]
2023-02-06 21:02:104 INFO  HomePage :45 - click on computers tab[[ChromeDriver: chrome on WINDOWS (17ca362d6e477677f303c8e43b75accd)] -> xpath: //ul[@class='top-menu notmobile']/li//a[@href='/computers']]
2023-02-06 21:02:454 INFO  HomePage :33 - click on DesktopsLink : Proxy element for: DefaultElementLocator 'By.xpath: //div[@class='page-body']/div[1]/div[1]/div[1]/div[1]/h2/a'
2023-02-06 21:02:184 INFO  HomePage :40 - click on Build Your Own Computer :Proxy element for: DefaultElementLocator 'By.linkText: Build your own computer'
2023-02-06 21:02:233 INFO  HomePage :47 - select option from dropdown :[[ChromeDriver: chrome on WINDOWS (17ca362d6e477677f303c8e43b75accd)] -> xpath: //select[@id='product_attribute_1']]
2023-02-06 21:02:243 INFO  HomePage :50 - select on third option[[ChromeDriver: chrome on WINDOWS (17ca362d6e477677f303c8e43b75accd)] -> xpath: //select[@id='product_attribute_2']]
2023-02-06 21:02:357 INFO  HomePage :56 - click on radio button from hdd[[ChromeDriver: chrome on WINDOWS (17ca362d6e477677f303c8e43b75accd)] -> xpath: //input[@id='product_attribute_3_6']]
2023-02-06 21:02:412 INFO  HomePage :60 - click on os button[[ChromeDriver: chrome on WINDOWS (17ca362d6e477677f303c8e43b75accd)] -> id: product_attribute_4_8]
2023-02-06 21:02:422 INFO  HomePage :63 - click on check boxes[[ChromeDriver: chrome on WINDOWS (17ca362d6e477677f303c8e43b75accd)] -> id: product_attribute_5_10]
2023-02-06 21:02:463 INFO  HomePage :67 - click on add to cart button[[ChromeDriver: chrome on WINDOWS (17ca362d6e477677f303c8e43b75accd)] -> xpath: //button[@id='add-to-cart-button-1']]
2023-02-06 21:02:629 INFO  HomePage :45 - click on computers tab[[ChromeDriver: chrome on WINDOWS (af9f393e4fceba0f2c52cd2ccd7d5e40)] -> xpath: //ul[@class='top-menu notmobile']/li//a[@href='/computers']]
2023-02-06 21:02:191 INFO  HomePage :45 - click on computers tab[[ChromeDriver: chrome on WINDOWS (f8cad808410bc3a72c2b3aabf19e5558)] -> xpath: //ul[@class='top-menu notmobile']/li//a[@href='/computers']]
2023-02-06 21:02:301 INFO  HomePage :33 - click on DesktopsLink : Proxy element for: DefaultElementLocator 'By.xpath: //div[@class='page-body']/div[1]/div[1]/div[1]/div[1]/h2/a'
2023-02-06 21:02:955 INFO  HomePage :57 - clicking on login link : [[ChromeDriver: chrome on WINDOWS (a9ecdd3469310f1134e68bfc168f81a7)] -> link text: Log in]
2023-02-06 21:02:06 INFO  HomePage :38 - getting text from : [[ChromeDriver: chrome on WINDOWS (a9ecdd3469310f1134e68bfc168f81a7)] -> xpath: //h1[contains(text(),'Welcome, Please Sign In!')]]
2023-02-06 21:02:699 INFO  HomePage :57 - clicking on login link : [[ChromeDriver: chrome on WINDOWS (7e4fce4773f9afe41f37af2cde8d9675)] -> link text: Log in]
2023-02-06 21:02:411 INFO  HomePage :57 - clicking on login link : [[ChromeDriver: chrome on WINDOWS (4f86911884c85be9ca710f2b93e8292c)] -> link text: Log in]
2023-02-06 21:02:460 INFO  HomePage :38 - getting text from : [[ChromeDriver: chrome on WINDOWS (4f86911884c85be9ca710f2b93e8292c)] -> xpath: //h1[contains(text(),'Welcome, Please Sign In!')]]
2023-02-06 21:02:623 INFO  HomePage :57 - clicking on login link : [[ChromeDriver: chrome on WINDOWS (690d6061607ebf6abbaf72bbc0185bda)] -> link text: Log in]
2023-02-06 21:02:291 INFO  HomePage :57 - clicking on login link : [[ChromeDriver: chrome on WINDOWS (8dab27d093eb504770267fc1c1ee5803)] -> link text: Log in]
2023-02-06 21:02:948 INFO  HomePage :57 - clicking on login link : [[ChromeDriver: chrome on WINDOWS (972a5bfc938f90001f4be1de9aebcdc8)] -> link text: Log in]
2023-02-06 21:02:122 INFO  HomePage :45 - click on computers tab[[ChromeDriver: chrome on WINDOWS (63a8acdcf32258c3b5d57876c7b4275a)] -> xpath: //ul[@class='top-menu notmobile']/li//a[@href='/computers']]
2023-02-06 21:02:198 INFO  HomePage :33 - click on DesktopsLink : Proxy element for: DefaultElementLocator 'By.xpath: //div[@class='page-body']/div[1]/div[1]/div[1]/div[1]/h2/a'
2023-02-06 21:02:18 INFO  HomePage :40 - click on Build Your Own Computer :Proxy element for: DefaultElementLocator 'By.linkText: Build your own computer'
2023-02-06 21:02:83 INFO  HomePage :47 - select option from dropdown :[[ChromeDriver: chrome on WINDOWS (63a8acdcf32258c3b5d57876c7b4275a)] -> xpath: //select[@id='product_attribute_1']]
2023-02-06 21:02:93 INFO  HomePage :50 - select on third option[[ChromeDriver: chrome on WINDOWS (63a8acdcf32258c3b5d57876c7b4275a)] -> xpath: //select[@id='product_attribute_2']]
2023-02-06 21:02:191 INFO  HomePage :56 - click on radio button from hdd[[ChromeDriver: chrome on WINDOWS (63a8acdcf32258c3b5d57876c7b4275a)] -> xpath: //input[@id='product_attribute_3_6']]
2023-02-06 21:02:225 INFO  HomePage :60 - click on os button[[ChromeDriver: chrome on WINDOWS (63a8acdcf32258c3b5d57876c7b4275a)] -> id: product_attribute_4_8]
2023-02-06 21:02:232 INFO  HomePage :63 - click on check boxes[[ChromeDriver: chrome on WINDOWS (63a8acdcf32258c3b5d57876c7b4275a)] -> id: product_attribute_5_10]
2023-02-06 21:02:281 INFO  HomePage :67 - click on add to cart button[[ChromeDriver: chrome on WINDOWS (63a8acdcf32258c3b5d57876c7b4275a)] -> xpath: //button[@id='add-to-cart-button-1']]
2023-02-06 21:02:111 INFO  HomePage :45 - click on computers tab[[ChromeDriver: chrome on WINDOWS (697b415354b0193db3c1f0c284459526)] -> xpath: //ul[@class='top-menu notmobile']/li//a[@href='/computers']]
2023-02-06 21:02:191 INFO  HomePage :33 - click on DesktopsLink : Proxy element for: DefaultElementLocator 'By.xpath: //div[@class='page-body']/div[1]/div[1]/div[1]/div[1]/h2/a'
2023-02-06 21:02:923 INFO  HomePage :40 - click on Build Your Own Computer :Proxy element for: DefaultElementLocator 'By.linkText: Build your own computer'
2023-02-06 21:02:963 INFO  HomePage :47 - select option from dropdown :[[ChromeDriver: chrome on WINDOWS (697b415354b0193db3c1f0c284459526)] -> xpath: //select[@id='product_attribute_1']]
2023-02-06 21:02:970 INFO  HomePage :50 - select on third option[[ChromeDriver: chrome on WINDOWS (697b415354b0193db3c1f0c284459526)] -> xpath: //select[@id='product_attribute_2']]
2023-02-06 21:02:71 INFO  HomePage :56 - click on radio button from hdd[[ChromeDriver: chrome on WINDOWS (697b415354b0193db3c1f0c284459526)] -> xpath: //input[@id='product_attribute_3_6']]
2023-02-06 21:02:107 INFO  HomePage :60 - click on os button[[ChromeDriver: chrome on WINDOWS (697b415354b0193db3c1f0c284459526)] -> id: product_attribute_4_8]
2023-02-06 21:02:114 INFO  HomePage :63 - click on check boxes[[ChromeDriver: chrome on WINDOWS (697b415354b0193db3c1f0c284459526)] -> id: product_attribute_5_10]
2023-02-06 21:02:159 INFO  HomePage :67 - click on add to cart button[[ChromeDriver: chrome on WINDOWS (697b415354b0193db3c1f0c284459526)] -> xpath: //button[@id='add-to-cart-button-1']]
2023-02-06 21:02:574 INFO  HomePage :45 - click on computers tab[[ChromeDriver: chrome on WINDOWS (1aaeeb0bb9f73306c82547345442b1cd)] -> xpath: //ul[@class='top-menu notmobile']/li//a[@href='/computers']]
2023-02-06 21:02:39 INFO  HomePage :33 - click on DesktopsLink : Proxy element for: DefaultElementLocator 'By.xpath: //div[@class='page-body']/div[1]/div[1]/div[1]/div[1]/h2/a'
2023-02-06 21:02:33 INFO  HomePage :40 - click on Build Your Own Computer :Proxy element for: DefaultElementLocator 'By.linkText: Build your own computer'
2023-02-06 21:02:127 INFO  HomePage :47 - select option from dropdown :[[ChromeDriver: chrome on WINDOWS (1aaeeb0bb9f73306c82547345442b1cd)] -> xpath: //select[@id='product_attribute_1']]
2023-02-06 21:02:142 INFO  HomePage :50 - select on third option[[ChromeDriver: chrome on WINDOWS (1aaeeb0bb9f73306c82547345442b1cd)] -> xpath: //select[@id='product_attribute_2']]
2023-02-06 21:02:340 INFO  HomePage :56 - click on radio button from hdd[[ChromeDriver: chrome on WINDOWS (1aaeeb0bb9f73306c82547345442b1cd)] -> xpath: //input[@id='product_attribute_3_6']]
2023-02-06 21:02:410 INFO  HomePage :60 - click on os button[[ChromeDriver: chrome on WINDOWS (1aaeeb0bb9f73306c82547345442b1cd)] -> id: product_attribute_4_8]
2023-02-06 21:02:426 INFO  HomePage :63 - click on check boxes[[ChromeDriver: chrome on WINDOWS (1aaeeb0bb9f73306c82547345442b1cd)] -> id: product_attribute_5_10]
2023-02-06 21:02:503 INFO  HomePage :67 - click on add to cart button[[ChromeDriver: chrome on WINDOWS (1aaeeb0bb9f73306c82547345442b1cd)] -> xpath: //button[@id='add-to-cart-button-1']]
2023-02-06 21:02:110 INFO  HomePage :45 - click on computers tab[[ChromeDriver: chrome on WINDOWS (1dd34d022d13e40ecc64f2fddde66b5f)] -> xpath: //ul[@class='top-menu notmobile']/li//a[@href='/computers']]
2023-02-06 21:02:345 INFO  HomePage :45 - click on computers tab[[ChromeDriver: chrome on WINDOWS (ebca44d73c3a420811872446c0ac733d)] -> xpath: //ul[@class='top-menu notmobile']/li//a[@href='/computers']]
2023-02-06 21:02:201 INFO  HomePage :33 - click on DesktopsLink : Proxy element for: DefaultElementLocator 'By.xpath: //div[@class='page-body']/div[1]/div[1]/div[1]/div[1]/h2/a'
2023-02-06 21:02:83 INFO  HomePage :62 - click on register link :[[ChromeDriver: chrome on WINDOWS (7cb8e78abad4a9c18fb18151b32e3e50)] -> link text: Register]
2023-02-06 21:02:98 INFO  HomePage :105 - click on register button[[ChromeDriver: chrome on WINDOWS (7cb8e78abad4a9c18fb18151b32e3e50)] -> id: register-button]
2023-02-06 21:02:178 INFO  HomePage :67 - enter first name [[ChromeDriver: chrome on WINDOWS (7cb8e78abad4a9c18fb18151b32e3e50)] -> id: FirstName]
2023-02-06 21:02:687 INFO  HomePage :62 - click on register link :[[ChromeDriver: chrome on WINDOWS (e320e360001fadaffafeb4fbe9ff814a)] -> link text: Register]
2023-02-06 21:02:705 INFO  HomePage :62 - click on female radio button[[ChromeDriver: chrome on WINDOWS (e320e360001fadaffafeb4fbe9ff814a)] -> xpath: //div[@class='gender']//input[@id='gender-male']]
2023-02-06 21:02:758 INFO  HomePage :67 - enter first name [[ChromeDriver: chrome on WINDOWS (e320e360001fadaffafeb4fbe9ff814a)] -> id: FirstName]
2023-02-06 21:02:816 INFO  HomePage :73 - enter first name [[ChromeDriver: chrome on WINDOWS (e320e360001fadaffafeb4fbe9ff814a)] -> name: LastName]
2023-02-06 21:02:878 INFO  HomePage :80 - click on date of birthday[[ChromeDriver: chrome on WINDOWS (e320e360001fadaffafeb4fbe9ff814a)] -> name: DateOfBirthDay]
2023-02-06 21:02:930 INFO  HomePage :84 - click on date of birt month[[ChromeDriver: chrome on WINDOWS (e320e360001fadaffafeb4fbe9ff814a)] -> name: DateOfBirthMonth]
2023-02-06 21:02:983 INFO  HomePage :88 - click on date of birth year[[ChromeDriver: chrome on WINDOWS (e320e360001fadaffafeb4fbe9ff814a)] -> name: DateOfBirthYear]
2023-02-06 21:02:33 INFO  HomePage :92 - enter email id [[ChromeDriver: chrome on WINDOWS (e320e360001fadaffafeb4fbe9ff814a)] -> id: Email]
2023-02-06 21:02:190 INFO  HomePage :101 - enter password [[ChromeDriver: chrome on WINDOWS (e320e360001fadaffafeb4fbe9ff814a)] -> id: ConfirmPassword]
2023-02-06 21:02:257 INFO  HomePage :105 - click on register button[[ChromeDriver: chrome on WINDOWS (e320e360001fadaffafeb4fbe9ff814a)] -> id: register-button]
2023-02-06 21:02:502 INFO  HomePage :62 - click on register link :[[ChromeDriver: chrome on WINDOWS (756cf3b4fd47d367a4f2ecc5ca0cc228)] -> link text: Register]
2023-02-07 14:02:525 INFO  HomePage :45 - click on computers tab[[ChromeDriver: chrome on WINDOWS (025a62bfb62ecd875aeb681512565a8c)] -> xpath: //ul[@class='top-menu notmobile']/li//a[@href='/computers']]
2023-02-07 14:02:961 INFO  HomePage :33 - click on DesktopsLink : Proxy element for: DefaultElementLocator 'By.xpath: //div[@class='page-body']/div[1]/div[1]/div[1]/div[1]/h2/a'
2023-02-07 14:02:929 INFO  HomePage :40 - click on Build Your Own Computer :Proxy element for: DefaultElementLocator 'By.linkText: Build your own computer'
2023-02-07 14:02:999 INFO  HomePage :47 - select option from dropdown :[[ChromeDriver: chrome on WINDOWS (025a62bfb62ecd875aeb681512565a8c)] -> xpath: //select[@id='product_attribute_1']]
2023-02-07 14:02:08 INFO  HomePage :50 - select on third option[[ChromeDriver: chrome on WINDOWS (025a62bfb62ecd875aeb681512565a8c)] -> xpath: //select[@id='product_attribute_2']]
2023-02-07 14:02:96 INFO  HomePage :56 - click on radio button from hdd[[ChromeDriver: chrome on WINDOWS (025a62bfb62ecd875aeb681512565a8c)] -> xpath: //input[@id='product_attribute_3_6']]
2023-02-07 14:02:130 INFO  HomePage :60 - click on os button[[ChromeDriver: chrome on WINDOWS (025a62bfb62ecd875aeb681512565a8c)] -> id: product_attribute_4_8]
2023-02-07 14:02:137 INFO  HomePage :63 - click on check boxes[[ChromeDriver: chrome on WINDOWS (025a62bfb62ecd875aeb681512565a8c)] -> id: product_attribute_5_10]
2023-02-07 14:02:170 INFO  HomePage :67 - click on add to cart button[[ChromeDriver: chrome on WINDOWS (025a62bfb62ecd875aeb681512565a8c)] -> xpath: //button[@id='add-to-cart-button-1']]
2023-02-07 14:02:119 INFO  HomePage :45 - click on computers tab[[ChromeDriver: chrome on WINDOWS (896cffd0a73901b22e5b939df831fe20)] -> xpath: //ul[@class='top-menu notmobile']/li//a[@href='/computers']]
2023-02-08 21:02:337 INFO  HomePage :57 - clicking on login link : [[ChromeDriver: chrome on WINDOWS (30a93ecba587f94e9b68c5f0eb0a9085)] -> link text: Log in]
2023-02-08 21:02:524 INFO  HomePage :57 - clicking on login link : [[ChromeDriver: chrome on WINDOWS (aa53b5420830457ce9edad3964292ca3)] -> link text: Log in]
2023-02-13 10:02:802 INFO  HomePage :57 - clicking on login link : [[ChromeDriver: chrome on WINDOWS (4bba42f644b53291299796811a945f1a)] -> link text: Log in]
2023-02-13 10:02:839 INFO  HomePage :38 - getting text from : [[ChromeDriver: chrome on WINDOWS (4bba42f644b53291299796811a945f1a)] -> xpath: //h1[contains(text(),'Welcome, Please Sign In!')]]
2023-02-13 18:02:315 INFO  HomePage :45 - click on computers tab[[ChromeDriver: chrome on WINDOWS (15e1c2f9aa58bca793c950fdb0ee7574)] -> xpath: //ul[@class='top-menu notmobile']/li//a[@href='/computers']]
2023-02-13 18:02:739 INFO  HomePage :33 - click on DesktopsLink : Proxy element for: DefaultElementLocator 'By.xpath: //div[@class='page-body']/div[1]/div[1]/div[1]/div[1]/h2/a'
2023-02-14 00:02:125 INFO  HomePage :62 - click on register link :[[ChromeDriver: chrome on WINDOWS (e68ba9ac36fa77095a7cfa9135c601c1)] -> link text: Register]
2023-02-14 00:02:148 INFO  HomePage :105 - click on register button[[ChromeDriver: chrome on WINDOWS (e68ba9ac36fa77095a7cfa9135c601c1)] -> id: register-button]
2023-02-14 00:02:207 INFO  HomePage :67 - enter first name [[ChromeDriver: chrome on WINDOWS (e68ba9ac36fa77095a7cfa9135c601c1)] -> id: FirstName]
